{
  "0 debug pnpm:scope": {
    "selected": 1
  },
  "1 info pnpm": {
    "err": {
      "name": "Error",
      "message": "not found: istall",
      "code": "ENOENT",
      "stack": "Error: not found: istall\n    at getNotFoundError (/usr/lib/node_modules/pnpm/dist/pnpm.cjs:41595:51)\n    at Function.whichSync [as sync] (/usr/lib/node_modules/pnpm/dist/pnpm.cjs:41672:13)\n    at getCommandAbsolutePathSync (/usr/lib/node_modules/pnpm/dist/pnpm.cjs:43237:44)\n    at default_1 (/usr/lib/node_modules/pnpm/dist/pnpm.cjs:43246:32)\n    at /usr/lib/node_modules/pnpm/dist/pnpm.cjs:178115:39"
    }
  },
  "2 error pnpm": {
    "code": "ERR_PNPM_RECURSIVE_EXEC_FIRST_FAIL",
    "prefix": "/home/bocanegra/Development/demo",
    "err": {
      "name": "pnpm",
      "message": "not found: istall",
      "code": "ERR_PNPM_RECURSIVE_EXEC_FIRST_FAIL",
      "stack": "Error: not found: istall\n    at getNotFoundError (/usr/lib/node_modules/pnpm/dist/pnpm.cjs:41595:51)\n    at Function.whichSync [as sync] (/usr/lib/node_modules/pnpm/dist/pnpm.cjs:41672:13)\n    at getCommandAbsolutePathSync (/usr/lib/node_modules/pnpm/dist/pnpm.cjs:43237:44)\n    at default_1 (/usr/lib/node_modules/pnpm/dist/pnpm.cjs:43246:32)\n    at /usr/lib/node_modules/pnpm/dist/pnpm.cjs:178115:39"
    }
  }
}